0 info it worked if it ends with ok
1 verbose cli [ '/usr/local/Cellar/node/6.1.0/bin/node',
1 verbose cli   '/Users/Sam/.node/bin/npm',
1 verbose cli   'install',
1 verbose cli   '--save',
1 verbose cli   'memwatch' ]
2 info using npm@3.6.0
3 info using node@v6.1.0
4 silly loadCurrentTree Starting
5 silly install loadCurrentTree
6 silly install readLocalPackageData
7 silly fetchPackageMetaData memwatch
8 silly fetchNamedPackageData memwatch
9 silly mapToRegistry name memwatch
10 silly mapToRegistry using default registry
11 silly mapToRegistry registry https://registry.npmjs.org/
12 silly mapToRegistry uri https://registry.npmjs.org/memwatch
13 verbose request uri https://registry.npmjs.org/memwatch
14 verbose request no auth needed
15 info attempt registry request try #1 at 10:32:33 AM
16 verbose request using bearer token for auth
17 verbose request id 8a89769f3c6e1eab
18 verbose etag "65RFYCBEO3AYP4QIA50GL8TVR"
19 http request GET https://registry.npmjs.org/memwatch
20 http 304 https://registry.npmjs.org/memwatch
21 verbose headers { 'cache-control': 'max-age=300',
21 verbose headers   'accept-ranges': 'bytes',
21 verbose headers   date: 'Tue, 24 May 2016 09:32:33 GMT',
21 verbose headers   via: '1.1 varnish',
21 verbose headers   connection: 'keep-alive',
21 verbose headers   'x-served-by': 'cache-fra1244-FRA',
21 verbose headers   'x-cache': 'MISS',
21 verbose headers   'x-cache-hits': '0',
21 verbose headers   'x-timer': 'S1464082353.825909,VS0,VE97',
21 verbose headers   vary: 'Accept-Encoding' }
22 silly get cb [ 304,
22 silly get   { 'cache-control': 'max-age=300',
22 silly get     'accept-ranges': 'bytes',
22 silly get     date: 'Tue, 24 May 2016 09:32:33 GMT',
22 silly get     via: '1.1 varnish',
22 silly get     connection: 'keep-alive',
22 silly get     'x-served-by': 'cache-fra1244-FRA',
22 silly get     'x-cache': 'MISS',
22 silly get     'x-cache-hits': '0',
22 silly get     'x-timer': 'S1464082353.825909,VS0,VE97',
22 silly get     vary: 'Accept-Encoding' } ]
23 verbose etag https://registry.npmjs.org/memwatch from cache
24 verbose get saving memwatch to /Users/Sam/.npm/registry.npmjs.org/memwatch/.cache.json
25 verbose correctMkdir /Users/Sam/.npm correctMkdir not in flight; initializing
26 silly install normalizeTree
27 silly loadCurrentTree Finishing
28 silly loadIdealTree Starting
29 silly install loadIdealTree
30 silly cloneCurrentTree Starting
31 silly install cloneCurrentTreeToIdealTree
32 silly cloneCurrentTree Finishing
33 silly loadShrinkwrap Starting
34 silly install loadShrinkwrap
35 silly loadShrinkwrap Finishing
36 silly loadAllDepsIntoIdealTree Starting
37 silly install loadAllDepsIntoIdealTree
38 silly resolveWithNewModule memwatch@0.2.2 checking installable status
39 silly cache add args [ 'memwatch', null ]
40 verbose cache add spec memwatch
41 silly cache add parsed spec Result {
41 silly cache add   raw: 'memwatch',
41 silly cache add   scope: null,
41 silly cache add   name: 'memwatch',
41 silly cache add   rawSpec: '',
41 silly cache add   spec: 'latest',
41 silly cache add   type: 'tag' }
42 silly addNamed memwatch@latest
43 verbose addNamed "latest" is being treated as a dist-tag for memwatch
44 info addNameTag [ 'memwatch', 'latest' ]
45 silly mapToRegistry name memwatch
46 silly mapToRegistry using default registry
47 silly mapToRegistry registry https://registry.npmjs.org/
48 silly mapToRegistry uri https://registry.npmjs.org/memwatch
49 verbose addNameTag registry:https://registry.npmjs.org/memwatch not in flight; fetching
50 verbose get https://registry.npmjs.org/memwatch not expired, no request
51 silly addNameTag next cb for memwatch with tag latest
52 silly addNamed memwatch@0.2.2
53 verbose addNamed "0.2.2" is a plain semver version for memwatch
54 silly cache afterAdd memwatch@0.2.2
55 verbose afterAdd /Users/Sam/.npm/memwatch/0.2.2/package/package.json not in flight; writing
56 verbose correctMkdir /Users/Sam/.npm correctMkdir not in flight; initializing
57 verbose afterAdd /Users/Sam/.npm/memwatch/0.2.2/package/package.json written
58 silly loadAllDepsIntoIdealTree Finishing
59 silly idealTree:prePrune rad-tag@0.1.0
59 silly idealTree:prePrune ├── accepts@1.2.13
59 silly idealTree:prePrune ├── after@0.8.1
59 silly idealTree:prePrune ├── ansi-regex@2.0.0
59 silly idealTree:prePrune ├── ansi-styles@2.2.0
59 silly idealTree:prePrune ├── array-flatten@1.1.1
59 silly idealTree:prePrune ├── arraybuffer.slice@0.0.6
59 silly idealTree:prePrune ├── asn1@0.2.3
59 silly idealTree:prePrune ├── assert-plus@0.2.0
59 silly idealTree:prePrune ├── assert@1.3.0
59 silly idealTree:prePrune ├── async@1.5.2
59 silly idealTree:prePrune ├── aws-sign2@0.6.0
59 silly idealTree:prePrune ├── aws4@1.3.2
59 silly idealTree:prePrune ├── backo2@1.0.2
59 silly idealTree:prePrune ├── base64-arraybuffer@0.1.2
59 silly idealTree:prePrune ├── base64id@0.1.0
59 silly idealTree:prePrune ├── batch@0.5.3
59 silly idealTree:prePrune ├── bcrypt-nodejs@0.0.3
59 silly idealTree:prePrune ├── benchmark@1.0.0
59 silly idealTree:prePrune ├── better-assert@1.0.2
59 silly idealTree:prePrune ├── binpack@0.1.0
59 silly idealTree:prePrune ├─┬ bl@1.0.3
59 silly idealTree:prePrune │ └── readable-stream@2.0.5
59 silly idealTree:prePrune ├── blob@0.0.4
59 silly idealTree:prePrune ├── bluebird@3.3.3
59 silly idealTree:prePrune ├── body-parser@1.0.2
59 silly idealTree:prePrune ├── boolbase@1.0.0
59 silly idealTree:prePrune ├── boom@2.10.1
59 silly idealTree:prePrune ├── buffer-crc32@0.2.1
59 silly idealTree:prePrune ├── busboy@0.2.12
59 silly idealTree:prePrune ├── bytes@1.0.0
59 silly idealTree:prePrune ├── callsite@1.0.0
59 silly idealTree:prePrune ├── camelcase@2.1.0
59 silly idealTree:prePrune ├── caseless@0.11.0
59 silly idealTree:prePrune ├── chalk@1.1.1
59 silly idealTree:prePrune ├─┬ cheerio@0.19.0
59 silly idealTree:prePrune │ └── lodash@3.10.1
59 silly idealTree:prePrune ├── clarinet@0.11.0
59 silly idealTree:prePrune ├── cliui@3.1.0
59 silly idealTree:prePrune ├── co@3.1.0
59 silly idealTree:prePrune ├── code-point-at@1.0.0
59 silly idealTree:prePrune ├── coffee-script@1.10.0
59 silly idealTree:prePrune ├── color-convert@1.0.0
59 silly idealTree:prePrune ├── colors@1.1.2
59 silly idealTree:prePrune ├── combined-stream@1.0.5
59 silly idealTree:prePrune ├── commander@2.9.0
59 silly idealTree:prePrune ├── component-bind@1.0.0
59 silly idealTree:prePrune ├── component-emitter@1.1.2
59 silly idealTree:prePrune ├── component-inherit@0.0.3
59 silly idealTree:prePrune ├── connect-busboy@0.0.2
59 silly idealTree:prePrune ├── connect-flash@0.1.1
59 silly idealTree:prePrune ├── content-disposition@0.5.1
59 silly idealTree:prePrune ├── content-type@1.0.1
59 silly idealTree:prePrune ├── cookie-parser@1.0.1
59 silly idealTree:prePrune ├── cookie-signature@1.0.3
59 silly idealTree:prePrune ├── cookie@0.1.0
59 silly idealTree:prePrune ├── cookiejar@2.0.6
59 silly idealTree:prePrune ├── core-util-is@1.0.2
59 silly idealTree:prePrune ├── cors@2.7.1
59 silly idealTree:prePrune ├── cryptiles@2.0.5
59 silly idealTree:prePrune ├── css-select@1.0.0
59 silly idealTree:prePrune ├── css-what@1.0.0
59 silly idealTree:prePrune ├── CSSselect@0.4.1
59 silly idealTree:prePrune ├── CSSwhat@0.4.7
59 silly idealTree:prePrune ├─┬ dashdash@1.13.0
59 silly idealTree:prePrune │ └── assert-plus@1.0.0
59 silly idealTree:prePrune ├── debug@2.2.0
59 silly idealTree:prePrune ├── decamelize@1.2.0
59 silly idealTree:prePrune ├── delayed-stream@1.0.0
59 silly idealTree:prePrune ├── delegates@0.1.0
59 silly idealTree:prePrune ├── depd@1.1.0
59 silly idealTree:prePrune ├── destroy@1.0.4
59 silly idealTree:prePrune ├── dicer@0.2.5
59 silly idealTree:prePrune ├─┬ dom-serializer@0.1.0
59 silly idealTree:prePrune │ └── domelementtype@1.1.3
59 silly idealTree:prePrune ├── domelementtype@1.3.0
59 silly idealTree:prePrune ├── domhandler@2.3.0
59 silly idealTree:prePrune ├── domutils@1.4.3
59 silly idealTree:prePrune ├── dotenv@1.1.0
59 silly idealTree:prePrune ├── ecc-jsbn@0.1.1
59 silly idealTree:prePrune ├── ect@0.5.9
59 silly idealTree:prePrune ├── ee-first@1.1.1
59 silly idealTree:prePrune ├── emitter-component@1.1.1
59 silly idealTree:prePrune ├── engine.io-client@1.6.7
59 silly idealTree:prePrune ├─┬ engine.io-parser@1.2.4
59 silly idealTree:prePrune │ └── has-binary@0.1.6
59 silly idealTree:prePrune ├─┬ engine.io@1.6.7
59 silly idealTree:prePrune │ ├── accepts@1.1.4
59 silly idealTree:prePrune │ ├── mime-db@1.12.0
59 silly idealTree:prePrune │ ├── mime-types@2.0.14
59 silly idealTree:prePrune │ └── negotiator@0.4.9
59 silly idealTree:prePrune ├── enqueue@1.0.2
59 silly idealTree:prePrune ├── enstore@1.0.1
59 silly idealTree:prePrune ├── entities@1.1.1
59 silly idealTree:prePrune ├── error-inject@1.0.0
59 silly idealTree:prePrune ├── escape-html@1.0.3
59 silly idealTree:prePrune ├── escape-string-regexp@1.0.5
59 silly idealTree:prePrune ├── etag@1.7.0
59 silly idealTree:prePrune ├─┬ express-session@1.0.4
59 silly idealTree:prePrune │ ├── cookie@0.1.2
59 silly idealTree:prePrune │ └── debug@0.8.1
59 silly idealTree:prePrune ├─┬ express@4.13.4
59 silly idealTree:prePrune │ ├── cookie-signature@1.0.6
59 silly idealTree:prePrune │ ├── cookie@0.1.5
59 silly idealTree:prePrune │ ├── qs@4.0.0
59 silly idealTree:prePrune │ ├── type-is@1.6.12
59 silly idealTree:prePrune │ └── vary@1.0.1
59 silly idealTree:prePrune ├── extend@3.0.0
59 silly idealTree:prePrune ├── extsprintf@1.0.2
59 silly idealTree:prePrune ├── fd-slicer@1.0.1
59 silly idealTree:prePrune ├── finalhandler@0.4.1
59 silly idealTree:prePrune ├── forever-agent@0.6.1
59 silly idealTree:prePrune ├── form-data@1.0.0-rc3
59 silly idealTree:prePrune ├── format-parser@0.0.2
59 silly idealTree:prePrune ├── formidable@1.0.17
59 silly idealTree:prePrune ├── forwarded@0.1.0
59 silly idealTree:prePrune ├── fresh@0.3.0
59 silly idealTree:prePrune ├── generate-function@2.0.0
59 silly idealTree:prePrune ├── generate-object-property@1.2.0
59 silly idealTree:prePrune ├── graceful-readlink@1.0.1
59 silly idealTree:prePrune ├── har-validator@2.0.6
59 silly idealTree:prePrune ├── has-ansi@2.0.0
59 silly idealTree:prePrune ├── has-binary@0.1.7
59 silly idealTree:prePrune ├── has-cors@1.1.0
59 silly idealTree:prePrune ├── hawk@3.1.3
59 silly idealTree:prePrune ├── heapdump@0.3.7
59 silly idealTree:prePrune ├── hoek@2.16.3
59 silly idealTree:prePrune ├── html-entities@1.2.0
59 silly idealTree:prePrune ├─┬ htmlparser2@3.8.3
59 silly idealTree:prePrune │ ├── domutils@1.5.1
59 silly idealTree:prePrune │ └── entities@1.0.0
59 silly idealTree:prePrune ├─┬ http-context@1.1.0
59 silly idealTree:prePrune │ └── type-is@1.6.12
59 silly idealTree:prePrune ├── http-errors@1.3.1
59 silly idealTree:prePrune ├── http-incoming@0.12.0
59 silly idealTree:prePrune ├── http-outgoing@0.12.0
59 silly idealTree:prePrune ├── http-signature@1.1.1
59 silly idealTree:prePrune ├── indexof@0.0.1
59 silly idealTree:prePrune ├── inherits@2.0.1
59 silly idealTree:prePrune ├── invert-kv@1.0.0
59 silly idealTree:prePrune ├── ip@1.0.1
59 silly idealTree:prePrune ├── ipaddr.js@1.0.5
59 silly idealTree:prePrune ├── is-browser@2.0.1
59 silly idealTree:prePrune ├── is-fullwidth-code-point@1.0.0
59 silly idealTree:prePrune ├── is-my-json-valid@2.13.1
59 silly idealTree:prePrune ├── is-property@1.0.2
59 silly idealTree:prePrune ├── is-typedarray@1.0.0
59 silly idealTree:prePrune ├── is-url@1.2.1
59 silly idealTree:prePrune ├── isarray@0.0.1
59 silly idealTree:prePrune ├── isobject@1.0.2
59 silly idealTree:prePrune ├── isstream@0.1.2
59 silly idealTree:prePrune ├── jodid25519@1.0.2
59 silly idealTree:prePrune ├── jsbn@0.1.0
59 silly idealTree:prePrune ├── json-schema@0.2.2
59 silly idealTree:prePrune ├── json-stringify-safe@5.0.1
59 silly idealTree:prePrune ├── json3@3.2.6
59 silly idealTree:prePrune ├── jsonpointer@2.0.0
59 silly idealTree:prePrune ├── jsprim@1.2.2
59 silly idealTree:prePrune ├── jstream@0.2.9
59 silly idealTree:prePrune ├── koa-is-json@1.0.0
59 silly idealTree:prePrune ├── lcid@1.0.0
59 silly idealTree:prePrune ├── lodash@4.6.1
59 silly idealTree:prePrune ├── lru-cache@4.0.0
59 silly idealTree:prePrune ├── media-typer@0.3.0
59 silly idealTree:prePrune ├── memwatch@0.2.2
59 silly idealTree:prePrune ├── merge-descriptors@1.0.1
59 silly idealTree:prePrune ├─┬ method-override@1.0.2
59 silly idealTree:prePrune │ └── methods@1.0.0
59 silly idealTree:prePrune ├── methods@1.1.2
59 silly idealTree:prePrune ├── mime-db@1.22.0
59 silly idealTree:prePrune ├── mime-types@2.1.10
59 silly idealTree:prePrune ├── mime@1.2.11
59 silly idealTree:prePrune ├── minimist@1.2.0
59 silly idealTree:prePrune ├── monotonic-timestamp@0.0.8
59 silly idealTree:prePrune ├─┬ morgan@1.0.1
59 silly idealTree:prePrune │ └── bytes@0.3.0
59 silly idealTree:prePrune ├── ms@0.7.1
59 silly idealTree:prePrune ├── multiparty@4.1.2
59 silly idealTree:prePrune ├── negotiator@0.5.3
59 silly idealTree:prePrune ├── node-uuid@1.4.7
59 silly idealTree:prePrune ├── node-youtube-dash-sidx@0.1.5
59 silly idealTree:prePrune ├── nth-check@1.0.1
59 silly idealTree:prePrune ├── number-is-nan@1.0.0
59 silly idealTree:prePrune ├── oauth-sign@0.8.1
59 silly idealTree:prePrune ├── oauth@0.9.14
59 silly idealTree:prePrune ├── object-assign@2.1.1
59 silly idealTree:prePrune ├── object-component@0.0.3
59 silly idealTree:prePrune ├── on-finished@2.3.0
59 silly idealTree:prePrune ├── optimist@0.4.0
59 silly idealTree:prePrune ├── options@0.0.6
59 silly idealTree:prePrune ├── os-locale@1.4.0
59 silly idealTree:prePrune ├── os-tmpdir@1.0.1
59 silly idealTree:prePrune ├── osc-min@0.0.15
59 silly idealTree:prePrune ├── osc-receiver@1.1.0
59 silly idealTree:prePrune ├── parsejson@0.0.1
59 silly idealTree:prePrune ├── parseqs@0.0.2
59 silly idealTree:prePrune ├── parseuri@0.0.4
59 silly idealTree:prePrune ├── parseurl@1.3.1
59 silly idealTree:prePrune ├── passport-google-oauth@0.1.5
59 silly idealTree:prePrune ├── passport-local@0.1.6
59 silly idealTree:prePrune ├── passport-oauth@0.1.15
59 silly idealTree:prePrune ├── passport-oauth1@1.1.0
59 silly idealTree:prePrune ├── passport-oauth2@1.2.0
59 silly idealTree:prePrune ├─┬ passport-spotify@0.3.0
59 silly idealTree:prePrune │ ├── passport-oauth@1.0.0
59 silly idealTree:prePrune │ └── pkginfo@0.3.1
59 silly idealTree:prePrune ├── passport-strategy@1.0.0
59 silly idealTree:prePrune ├── passport-twitter@1.0.4
59 silly idealTree:prePrune ├─┬ passport-youtube-v3@1.0.1
59 silly idealTree:prePrune │ └── passport-oauth@0.1.14
59 silly idealTree:prePrune ├── passport@0.1.18
59 silly idealTree:prePrune ├── path-to-regexp@0.1.7
59 silly idealTree:prePrune ├── pause@0.0.1
59 silly idealTree:prePrune ├── pend@1.2.0
59 silly idealTree:prePrune ├── pinkie-promise@2.0.0
59 silly idealTree:prePrune ├── pinkie@2.0.4
59 silly idealTree:prePrune ├── pkginfo@0.2.3
59 silly idealTree:prePrune ├── prettyjson@1.1.3
59 silly idealTree:prePrune ├── process-nextick-args@1.0.6
59 silly idealTree:prePrune ├── proxy-addr@1.0.10
59 silly idealTree:prePrune ├── pseudomap@1.0.2
59 silly idealTree:prePrune ├── qs@0.6.6
59 silly idealTree:prePrune ├── querystring@0.2.0
59 silly idealTree:prePrune ├── range-parser@1.0.3
59 silly idealTree:prePrune ├── raw-body@1.1.7
59 silly idealTree:prePrune ├── readable-stream@1.1.13
59 silly idealTree:prePrune ├── reduce-component@1.0.1
59 silly idealTree:prePrune ├─┬ request@2.69.0
59 silly idealTree:prePrune │ └── qs@6.0.2
59 silly idealTree:prePrune ├── sax@1.1.6
59 silly idealTree:prePrune ├── selectn@0.9.6
59 silly idealTree:prePrune ├─┬ send@0.13.1
59 silly idealTree:prePrune │ └── mime@1.3.4
59 silly idealTree:prePrune ├── serve-static@1.10.2
59 silly idealTree:prePrune ├── sliced@0.0.5
59 silly idealTree:prePrune ├── sntp@1.0.9
59 silly idealTree:prePrune ├─┬ socket.io-adapter@0.4.0
59 silly idealTree:prePrune │ └─┬ socket.io-parser@2.2.2
59 silly idealTree:prePrune │   └── debug@0.7.4
59 silly idealTree:prePrune ├─┬ socket.io-client@1.4.4
59 silly idealTree:prePrune │ ├── component-emitter@1.2.0
59 silly idealTree:prePrune │ ├── json3@3.3.2
59 silly idealTree:prePrune │ └─┬ socket.io-parser@2.2.5
59 silly idealTree:prePrune │   └── component-emitter@1.1.2
59 silly idealTree:prePrune ├─┬ socket.io-parser@2.2.6
59 silly idealTree:prePrune │ └── json3@3.3.2
59 silly idealTree:prePrune ├── socket.io@1.4.4
59 silly idealTree:prePrune ├── sshpk@1.7.4
59 silly idealTree:prePrune ├── statuses@1.2.1
59 silly idealTree:prePrune ├── streamsearch@0.1.2
59 silly idealTree:prePrune ├── string_decoder@0.10.31
59 silly idealTree:prePrune ├── string-width@1.0.1
59 silly idealTree:prePrune ├── stringstream@0.0.5
59 silly idealTree:prePrune ├── strip-ansi@3.0.1
59 silly idealTree:prePrune ├─┬ superagent@1.8.1
59 silly idealTree:prePrune │ ├── component-emitter@1.2.0
59 silly idealTree:prePrune │ ├── mime@1.3.4
59 silly idealTree:prePrune │ ├── qs@2.3.3
59 silly idealTree:prePrune │ └── readable-stream@1.0.27-1
59 silly idealTree:prePrune ├── supports-color@2.0.0
59 silly idealTree:prePrune ├── tmp@0.0.28
59 silly idealTree:prePrune ├── to-array@0.1.3
59 silly idealTree:prePrune ├── tough-cookie@2.2.1
59 silly idealTree:prePrune ├── tunnel-agent@0.4.2
59 silly idealTree:prePrune ├── tweetnacl@0.14.1
59 silly idealTree:prePrune ├── type-is@1.1.0
59 silly idealTree:prePrune ├── uid2@0.0.3
59 silly idealTree:prePrune ├── ultron@1.0.2
59 silly idealTree:prePrune ├── unpipe@1.0.0
59 silly idealTree:prePrune ├── utf8@2.1.0
59 silly idealTree:prePrune ├── util-deprecate@1.0.2
59 silly idealTree:prePrune ├── util@0.10.3
59 silly idealTree:prePrune ├── utils-merge@1.0.0
59 silly idealTree:prePrune ├── vary@1.1.0
59 silly idealTree:prePrune ├── verror@1.3.6
59 silly idealTree:prePrune ├── window-size@0.1.4
59 silly idealTree:prePrune ├── wordwrap@0.0.3
59 silly idealTree:prePrune ├── wrap-ansi@1.0.0
59 silly idealTree:prePrune ├── wrap-fn@0.1.5
59 silly idealTree:prePrune ├── ws@1.0.1
59 silly idealTree:prePrune ├─┬ x-ray-crawler@2.0.2
59 silly idealTree:prePrune │ ├── cheerio@0.18.0
59 silly idealTree:prePrune │ ├── dom-serializer@0.0.1
59 silly idealTree:prePrune │ ├── domelementtype@1.1.3
59 silly idealTree:prePrune │ └── lodash@2.4.2
59 silly idealTree:prePrune ├── x-ray-parse@1.0.1
59 silly idealTree:prePrune ├── x-ray@2.0.3
59 silly idealTree:prePrune ├── xhr2@0.1.3
59 silly idealTree:prePrune ├── xml2js@0.4.13
59 silly idealTree:prePrune ├── xmlbuilder@5.0.1
59 silly idealTree:prePrune ├── xmldom@0.1.22
59 silly idealTree:prePrune ├── xmlhttprequest-ssl@1.5.1
59 silly idealTree:prePrune ├── xtend@4.0.1
59 silly idealTree:prePrune ├── xtraverse@0.1.0
59 silly idealTree:prePrune ├── y18n@3.2.0
59 silly idealTree:prePrune ├── yallist@2.0.0
59 silly idealTree:prePrune ├── yargs@3.32.0
59 silly idealTree:prePrune ├── yeast@0.1.2
59 silly idealTree:prePrune ├── yieldly@0.0.1
59 silly idealTree:prePrune └── ytdl-core@0.7.12
60 silly loadIdealTree Finishing
61 silly currentTree rad-tag@0.1.0
61 silly currentTree ├── accepts@1.2.13
61 silly currentTree ├── after@0.8.1
61 silly currentTree ├── ansi-regex@2.0.0
61 silly currentTree ├── ansi-styles@2.2.0
61 silly currentTree ├── array-flatten@1.1.1
61 silly currentTree ├── arraybuffer.slice@0.0.6
61 silly currentTree ├── asn1@0.2.3
61 silly currentTree ├── assert-plus@0.2.0
61 silly currentTree ├── assert@1.3.0
61 silly currentTree ├── async@1.5.2
61 silly currentTree ├── aws-sign2@0.6.0
61 silly currentTree ├── aws4@1.3.2
61 silly currentTree ├── backo2@1.0.2
61 silly currentTree ├── base64-arraybuffer@0.1.2
61 silly currentTree ├── base64id@0.1.0
61 silly currentTree ├── batch@0.5.3
61 silly currentTree ├── bcrypt-nodejs@0.0.3
61 silly currentTree ├── benchmark@1.0.0
61 silly currentTree ├── better-assert@1.0.2
61 silly currentTree ├── binpack@0.1.0
61 silly currentTree ├─┬ bl@1.0.3
61 silly currentTree │ └── readable-stream@2.0.5
61 silly currentTree ├── blob@0.0.4
61 silly currentTree ├── bluebird@3.3.3
61 silly currentTree ├── body-parser@1.0.2
61 silly currentTree ├── boolbase@1.0.0
61 silly currentTree ├── boom@2.10.1
61 silly currentTree ├── buffer-crc32@0.2.1
61 silly currentTree ├── busboy@0.2.12
61 silly currentTree ├── bytes@1.0.0
61 silly currentTree ├── callsite@1.0.0
61 silly currentTree ├── camelcase@2.1.0
61 silly currentTree ├── caseless@0.11.0
61 silly currentTree ├── chalk@1.1.1
61 silly currentTree ├─┬ cheerio@0.19.0
61 silly currentTree │ └── lodash@3.10.1
61 silly currentTree ├── clarinet@0.11.0
61 silly currentTree ├── cliui@3.1.0
61 silly currentTree ├── co@3.1.0
61 silly currentTree ├── code-point-at@1.0.0
61 silly currentTree ├── coffee-script@1.10.0
61 silly currentTree ├── color-convert@1.0.0
61 silly currentTree ├── colors@1.1.2
61 silly currentTree ├── combined-stream@1.0.5
61 silly currentTree ├── commander@2.9.0
61 silly currentTree ├── component-bind@1.0.0
61 silly currentTree ├── component-emitter@1.1.2
61 silly currentTree ├── component-inherit@0.0.3
61 silly currentTree ├── connect-busboy@0.0.2
61 silly currentTree ├── connect-flash@0.1.1
61 silly currentTree ├── content-disposition@0.5.1
61 silly currentTree ├── content-type@1.0.1
61 silly currentTree ├── cookie-parser@1.0.1
61 silly currentTree ├── cookie-signature@1.0.3
61 silly currentTree ├── cookie@0.1.0
61 silly currentTree ├── cookiejar@2.0.6
61 silly currentTree ├── core-util-is@1.0.2
61 silly currentTree ├── cors@2.7.1
61 silly currentTree ├── cryptiles@2.0.5
61 silly currentTree ├── css-select@1.0.0
61 silly currentTree ├── css-what@1.0.0
61 silly currentTree ├── CSSselect@0.4.1
61 silly currentTree ├── CSSwhat@0.4.7
61 silly currentTree ├─┬ dashdash@1.13.0
61 silly currentTree │ └── assert-plus@1.0.0
61 silly currentTree ├── debug@2.2.0
61 silly currentTree ├── decamelize@1.2.0
61 silly currentTree ├── delayed-stream@1.0.0
61 silly currentTree ├── delegates@0.1.0
61 silly currentTree ├── depd@1.1.0
61 silly currentTree ├── destroy@1.0.4
61 silly currentTree ├── dicer@0.2.5
61 silly currentTree ├─┬ dom-serializer@0.1.0
61 silly currentTree │ └── domelementtype@1.1.3
61 silly currentTree ├── domelementtype@1.3.0
61 silly currentTree ├── domhandler@2.3.0
61 silly currentTree ├── domutils@1.4.3
61 silly currentTree ├── dotenv@1.1.0
61 silly currentTree ├── ecc-jsbn@0.1.1
61 silly currentTree ├── ect@0.5.9
61 silly currentTree ├── ee-first@1.1.1
61 silly currentTree ├── emitter-component@1.1.1
61 silly currentTree ├── engine.io-client@1.6.7
61 silly currentTree ├─┬ engine.io-parser@1.2.4
61 silly currentTree │ └── has-binary@0.1.6
61 silly currentTree ├─┬ engine.io@1.6.7
61 silly currentTree │ ├── accepts@1.1.4
61 silly currentTree │ ├── mime-db@1.12.0
61 silly currentTree │ ├── mime-types@2.0.14
61 silly currentTree │ └── negotiator@0.4.9
61 silly currentTree ├── enqueue@1.0.2
61 silly currentTree ├── enstore@1.0.1
61 silly currentTree ├── entities@1.1.1
61 silly currentTree ├── error-inject@1.0.0
61 silly currentTree ├── escape-html@1.0.3
61 silly currentTree ├── escape-string-regexp@1.0.5
61 silly currentTree ├── etag@1.7.0
61 silly currentTree ├─┬ express-session@1.0.4
61 silly currentTree │ ├── cookie@0.1.2
61 silly currentTree │ └── debug@0.8.1
61 silly currentTree ├─┬ express@4.13.4
61 silly currentTree │ ├── cookie-signature@1.0.6
61 silly currentTree │ ├── cookie@0.1.5
61 silly currentTree │ ├── qs@4.0.0
61 silly currentTree │ ├── type-is@1.6.12
61 silly currentTree │ └── vary@1.0.1
61 silly currentTree ├── extend@3.0.0
61 silly currentTree ├── extsprintf@1.0.2
61 silly currentTree ├── fd-slicer@1.0.1
61 silly currentTree ├── finalhandler@0.4.1
61 silly currentTree ├── forever-agent@0.6.1
61 silly currentTree ├── form-data@1.0.0-rc3
61 silly currentTree ├── format-parser@0.0.2
61 silly currentTree ├── formidable@1.0.17
61 silly currentTree ├── forwarded@0.1.0
61 silly currentTree ├── fresh@0.3.0
61 silly currentTree ├── generate-function@2.0.0
61 silly currentTree ├── generate-object-property@1.2.0
61 silly currentTree ├── graceful-readlink@1.0.1
61 silly currentTree ├── har-validator@2.0.6
61 silly currentTree ├── has-ansi@2.0.0
61 silly currentTree ├── has-binary@0.1.7
61 silly currentTree ├── has-cors@1.1.0
61 silly currentTree ├── hawk@3.1.3
61 silly currentTree ├── heapdump@0.3.7
61 silly currentTree ├── hoek@2.16.3
61 silly currentTree ├── html-entities@1.2.0
61 silly currentTree ├─┬ htmlparser2@3.8.3
61 silly currentTree │ ├── domutils@1.5.1
61 silly currentTree │ └── entities@1.0.0
61 silly currentTree ├─┬ http-context@1.1.0
61 silly currentTree │ └── type-is@1.6.12
61 silly currentTree ├── http-errors@1.3.1
61 silly currentTree ├── http-incoming@0.12.0
61 silly currentTree ├── http-outgoing@0.12.0
61 silly currentTree ├── http-signature@1.1.1
61 silly currentTree ├── indexof@0.0.1
61 silly currentTree ├── inherits@2.0.1
61 silly currentTree ├── invert-kv@1.0.0
61 silly currentTree ├── ip@1.0.1
61 silly currentTree ├── ipaddr.js@1.0.5
61 silly currentTree ├── is-browser@2.0.1
61 silly currentTree ├── is-fullwidth-code-point@1.0.0
61 silly currentTree ├── is-my-json-valid@2.13.1
61 silly currentTree ├── is-property@1.0.2
61 silly currentTree ├── is-typedarray@1.0.0
61 silly currentTree ├── is-url@1.2.1
61 silly currentTree ├── isarray@0.0.1
61 silly currentTree ├── isobject@1.0.2
61 silly currentTree ├── isstream@0.1.2
61 silly currentTree ├── jodid25519@1.0.2
61 silly currentTree ├── jsbn@0.1.0
61 silly currentTree ├── json-schema@0.2.2
61 silly currentTree ├── json-stringify-safe@5.0.1
61 silly currentTree ├── json3@3.2.6
61 silly currentTree ├── jsonpointer@2.0.0
61 silly currentTree ├── jsprim@1.2.2
61 silly currentTree ├── jstream@0.2.9
61 silly currentTree ├── koa-is-json@1.0.0
61 silly currentTree ├── lcid@1.0.0
61 silly currentTree ├── lodash@4.6.1
61 silly currentTree ├── lru-cache@4.0.0
61 silly currentTree ├── media-typer@0.3.0
61 silly currentTree ├── merge-descriptors@1.0.1
61 silly currentTree ├─┬ method-override@1.0.2
61 silly currentTree │ └── methods@1.0.0
61 silly currentTree ├── methods@1.1.2
61 silly currentTree ├── mime-db@1.22.0
61 silly currentTree ├── mime-types@2.1.10
61 silly currentTree ├── mime@1.2.11
61 silly currentTree ├── minimist@1.2.0
61 silly currentTree ├── monotonic-timestamp@0.0.8
61 silly currentTree ├─┬ morgan@1.0.1
61 silly currentTree │ └── bytes@0.3.0
61 silly currentTree ├── ms@0.7.1
61 silly currentTree ├── multiparty@4.1.2
61 silly currentTree ├── negotiator@0.5.3
61 silly currentTree ├── node-uuid@1.4.7
61 silly currentTree ├── node-youtube-dash-sidx@0.1.5
61 silly currentTree ├── nth-check@1.0.1
61 silly currentTree ├── number-is-nan@1.0.0
61 silly currentTree ├── oauth-sign@0.8.1
61 silly currentTree ├── oauth@0.9.14
61 silly currentTree ├── object-assign@2.1.1
61 silly currentTree ├── object-component@0.0.3
61 silly currentTree ├── on-finished@2.3.0
61 silly currentTree ├── optimist@0.4.0
61 silly currentTree ├── options@0.0.6
61 silly currentTree ├── os-locale@1.4.0
61 silly currentTree ├── os-tmpdir@1.0.1
61 silly currentTree ├── osc-min@0.0.15
61 silly currentTree ├── osc-receiver@1.1.0
61 silly currentTree ├── parsejson@0.0.1
61 silly currentTree ├── parseqs@0.0.2
61 silly currentTree ├── parseuri@0.0.4
61 silly currentTree ├── parseurl@1.3.1
61 silly currentTree ├── passport-google-oauth@0.1.5
61 silly currentTree ├── passport-local@0.1.6
61 silly currentTree ├── passport-oauth@0.1.15
61 silly currentTree ├── passport-oauth1@1.1.0
61 silly currentTree ├── passport-oauth2@1.2.0
61 silly currentTree ├─┬ passport-spotify@0.3.0
61 silly currentTree │ ├── passport-oauth@1.0.0
61 silly currentTree │ └── pkginfo@0.3.1
61 silly currentTree ├── passport-strategy@1.0.0
61 silly currentTree ├── passport-twitter@1.0.4
61 silly currentTree ├─┬ passport-youtube-v3@1.0.1
61 silly currentTree │ └── passport-oauth@0.1.14
61 silly currentTree ├── passport@0.1.18
61 silly currentTree ├── path-to-regexp@0.1.7
61 silly currentTree ├── pause@0.0.1
61 silly currentTree ├── pend@1.2.0
61 silly currentTree ├── pinkie-promise@2.0.0
61 silly currentTree ├── pinkie@2.0.4
61 silly currentTree ├── pkginfo@0.2.3
61 silly currentTree ├── prettyjson@1.1.3
61 silly currentTree ├── process-nextick-args@1.0.6
61 silly currentTree ├── proxy-addr@1.0.10
61 silly currentTree ├── pseudomap@1.0.2
61 silly currentTree ├── qs@0.6.6
61 silly currentTree ├── querystring@0.2.0
61 silly currentTree ├── range-parser@1.0.3
61 silly currentTree ├── raw-body@1.1.7
61 silly currentTree ├── readable-stream@1.1.13
61 silly currentTree ├── reduce-component@1.0.1
61 silly currentTree ├─┬ request@2.69.0
61 silly currentTree │ └── qs@6.0.2
61 silly currentTree ├── sax@1.1.6
61 silly currentTree ├── selectn@0.9.6
61 silly currentTree ├─┬ send@0.13.1
61 silly currentTree │ └── mime@1.3.4
61 silly currentTree ├── serve-static@1.10.2
61 silly currentTree ├── sliced@0.0.5
61 silly currentTree ├── sntp@1.0.9
61 silly currentTree ├─┬ socket.io-adapter@0.4.0
61 silly currentTree │ └─┬ socket.io-parser@2.2.2
61 silly currentTree │   └── debug@0.7.4
61 silly currentTree ├─┬ socket.io-client@1.4.4
61 silly currentTree │ ├── component-emitter@1.2.0
61 silly currentTree │ ├── json3@3.3.2
61 silly currentTree │ └─┬ socket.io-parser@2.2.5
61 silly currentTree │   └── component-emitter@1.1.2
61 silly currentTree ├─┬ socket.io-parser@2.2.6
61 silly currentTree │ └── json3@3.3.2
61 silly currentTree ├── socket.io@1.4.4
61 silly currentTree ├── sshpk@1.7.4
61 silly currentTree ├── statuses@1.2.1
61 silly currentTree ├── streamsearch@0.1.2
61 silly currentTree ├── string_decoder@0.10.31
61 silly currentTree ├── string-width@1.0.1
61 silly currentTree ├── stringstream@0.0.5
61 silly currentTree ├── strip-ansi@3.0.1
61 silly currentTree ├─┬ superagent@1.8.1
61 silly currentTree │ ├── component-emitter@1.2.0
61 silly currentTree │ ├── mime@1.3.4
61 silly currentTree │ ├── qs@2.3.3
61 silly currentTree │ └── readable-stream@1.0.27-1
61 silly currentTree ├── supports-color@2.0.0
61 silly currentTree ├── tmp@0.0.28
61 silly currentTree ├── to-array@0.1.3
61 silly currentTree ├── tough-cookie@2.2.1
61 silly currentTree ├── tunnel-agent@0.4.2
61 silly currentTree ├── tweetnacl@0.14.1
61 silly currentTree ├── type-is@1.1.0
61 silly currentTree ├── uid2@0.0.3
61 silly currentTree ├── ultron@1.0.2
61 silly currentTree ├── unpipe@1.0.0
61 silly currentTree ├── utf8@2.1.0
61 silly currentTree ├── util-deprecate@1.0.2
61 silly currentTree ├── util@0.10.3
61 silly currentTree ├── utils-merge@1.0.0
61 silly currentTree ├── vary@1.1.0
61 silly currentTree ├── verror@1.3.6
61 silly currentTree ├── window-size@0.1.4
61 silly currentTree ├── wordwrap@0.0.3
61 silly currentTree ├── wrap-ansi@1.0.0
61 silly currentTree ├── wrap-fn@0.1.5
61 silly currentTree ├── ws@1.0.1
61 silly currentTree ├─┬ x-ray-crawler@2.0.2
61 silly currentTree │ ├── cheerio@0.18.0
61 silly currentTree │ ├── dom-serializer@0.0.1
61 silly currentTree │ ├── domelementtype@1.1.3
61 silly currentTree │ └── lodash@2.4.2
61 silly currentTree ├── x-ray-parse@1.0.1
61 silly currentTree ├── x-ray@2.0.3
61 silly currentTree ├── xhr2@0.1.3
61 silly currentTree ├── xml2js@0.4.13
61 silly currentTree ├── xmlbuilder@5.0.1
61 silly currentTree ├── xmldom@0.1.22
61 silly currentTree ├── xmlhttprequest-ssl@1.5.1
61 silly currentTree ├── xtend@4.0.1
61 silly currentTree ├── xtraverse@0.1.0
61 silly currentTree ├── y18n@3.2.0
61 silly currentTree ├── yallist@2.0.0
61 silly currentTree ├── yargs@3.32.0
61 silly currentTree ├── yeast@0.1.2
61 silly currentTree ├── yieldly@0.0.1
61 silly currentTree └── ytdl-core@0.7.12
62 silly idealTree rad-tag@0.1.0
62 silly idealTree ├── accepts@1.2.13
62 silly idealTree ├── after@0.8.1
62 silly idealTree ├── ansi-regex@2.0.0
62 silly idealTree ├── ansi-styles@2.2.0
62 silly idealTree ├── array-flatten@1.1.1
62 silly idealTree ├── arraybuffer.slice@0.0.6
62 silly idealTree ├── asn1@0.2.3
62 silly idealTree ├── assert-plus@0.2.0
62 silly idealTree ├── assert@1.3.0
62 silly idealTree ├── async@1.5.2
62 silly idealTree ├── aws-sign2@0.6.0
62 silly idealTree ├── aws4@1.3.2
62 silly idealTree ├── backo2@1.0.2
62 silly idealTree ├── base64-arraybuffer@0.1.2
62 silly idealTree ├── base64id@0.1.0
62 silly idealTree ├── batch@0.5.3
62 silly idealTree ├── bcrypt-nodejs@0.0.3
62 silly idealTree ├── benchmark@1.0.0
62 silly idealTree ├── better-assert@1.0.2
62 silly idealTree ├── binpack@0.1.0
62 silly idealTree ├─┬ bl@1.0.3
62 silly idealTree │ └── readable-stream@2.0.5
62 silly idealTree ├── blob@0.0.4
62 silly idealTree ├── bluebird@3.3.3
62 silly idealTree ├── body-parser@1.0.2
62 silly idealTree ├── boolbase@1.0.0
62 silly idealTree ├── boom@2.10.1
62 silly idealTree ├── buffer-crc32@0.2.1
62 silly idealTree ├── busboy@0.2.12
62 silly idealTree ├── bytes@1.0.0
62 silly idealTree ├── callsite@1.0.0
62 silly idealTree ├── camelcase@2.1.0
62 silly idealTree ├── caseless@0.11.0
62 silly idealTree ├── chalk@1.1.1
62 silly idealTree ├─┬ cheerio@0.19.0
62 silly idealTree │ └── lodash@3.10.1
62 silly idealTree ├── clarinet@0.11.0
62 silly idealTree ├── cliui@3.1.0
62 silly idealTree ├── co@3.1.0
62 silly idealTree ├── code-point-at@1.0.0
62 silly idealTree ├── coffee-script@1.10.0
62 silly idealTree ├── color-convert@1.0.0
62 silly idealTree ├── colors@1.1.2
62 silly idealTree ├── combined-stream@1.0.5
62 silly idealTree ├── commander@2.9.0
62 silly idealTree ├── component-bind@1.0.0
62 silly idealTree ├── component-emitter@1.1.2
62 silly idealTree ├── component-inherit@0.0.3
62 silly idealTree ├── connect-busboy@0.0.2
62 silly idealTree ├── connect-flash@0.1.1
62 silly idealTree ├── content-disposition@0.5.1
62 silly idealTree ├── content-type@1.0.1
62 silly idealTree ├── cookie-parser@1.0.1
62 silly idealTree ├── cookie-signature@1.0.3
62 silly idealTree ├── cookie@0.1.0
62 silly idealTree ├── cookiejar@2.0.6
62 silly idealTree ├── core-util-is@1.0.2
62 silly idealTree ├── cors@2.7.1
62 silly idealTree ├── cryptiles@2.0.5
62 silly idealTree ├── css-select@1.0.0
62 silly idealTree ├── css-what@1.0.0
62 silly idealTree ├── CSSselect@0.4.1
62 silly idealTree ├── CSSwhat@0.4.7
62 silly idealTree ├─┬ dashdash@1.13.0
62 silly idealTree │ └── assert-plus@1.0.0
62 silly idealTree ├── debug@2.2.0
62 silly idealTree ├── decamelize@1.2.0
62 silly idealTree ├── delayed-stream@1.0.0
62 silly idealTree ├── delegates@0.1.0
62 silly idealTree ├── depd@1.1.0
62 silly idealTree ├── destroy@1.0.4
62 silly idealTree ├── dicer@0.2.5
62 silly idealTree ├─┬ dom-serializer@0.1.0
62 silly idealTree │ └── domelementtype@1.1.3
62 silly idealTree ├── domelementtype@1.3.0
62 silly idealTree ├── domhandler@2.3.0
62 silly idealTree ├── domutils@1.4.3
62 silly idealTree ├── dotenv@1.1.0
62 silly idealTree ├── ecc-jsbn@0.1.1
62 silly idealTree ├── ect@0.5.9
62 silly idealTree ├── ee-first@1.1.1
62 silly idealTree ├── emitter-component@1.1.1
62 silly idealTree ├── engine.io-client@1.6.7
62 silly idealTree ├─┬ engine.io-parser@1.2.4
62 silly idealTree │ └── has-binary@0.1.6
62 silly idealTree ├─┬ engine.io@1.6.7
62 silly idealTree │ ├── accepts@1.1.4
62 silly idealTree │ ├── mime-db@1.12.0
62 silly idealTree │ ├── mime-types@2.0.14
62 silly idealTree │ └── negotiator@0.4.9
62 silly idealTree ├── enqueue@1.0.2
62 silly idealTree ├── enstore@1.0.1
62 silly idealTree ├── entities@1.1.1
62 silly idealTree ├── error-inject@1.0.0
62 silly idealTree ├── escape-html@1.0.3
62 silly idealTree ├── escape-string-regexp@1.0.5
62 silly idealTree ├── etag@1.7.0
62 silly idealTree ├─┬ express-session@1.0.4
62 silly idealTree │ ├── cookie@0.1.2
62 silly idealTree │ └── debug@0.8.1
62 silly idealTree ├─┬ express@4.13.4
62 silly idealTree │ ├── cookie-signature@1.0.6
62 silly idealTree │ ├── cookie@0.1.5
62 silly idealTree │ ├── qs@4.0.0
62 silly idealTree │ ├── type-is@1.6.12
62 silly idealTree │ └── vary@1.0.1
62 silly idealTree ├── extend@3.0.0
62 silly idealTree ├── extsprintf@1.0.2
62 silly idealTree ├── fd-slicer@1.0.1
62 silly idealTree ├── finalhandler@0.4.1
62 silly idealTree ├── forever-agent@0.6.1
62 silly idealTree ├── form-data@1.0.0-rc3
62 silly idealTree ├── format-parser@0.0.2
62 silly idealTree ├── formidable@1.0.17
62 silly idealTree ├── forwarded@0.1.0
62 silly idealTree ├── fresh@0.3.0
62 silly idealTree ├── generate-function@2.0.0
62 silly idealTree ├── generate-object-property@1.2.0
62 silly idealTree ├── graceful-readlink@1.0.1
62 silly idealTree ├── har-validator@2.0.6
62 silly idealTree ├── has-ansi@2.0.0
62 silly idealTree ├── has-binary@0.1.7
62 silly idealTree ├── has-cors@1.1.0
62 silly idealTree ├── hawk@3.1.3
62 silly idealTree ├── heapdump@0.3.7
62 silly idealTree ├── hoek@2.16.3
62 silly idealTree ├── html-entities@1.2.0
62 silly idealTree ├─┬ htmlparser2@3.8.3
62 silly idealTree │ ├── domutils@1.5.1
62 silly idealTree │ └── entities@1.0.0
62 silly idealTree ├─┬ http-context@1.1.0
62 silly idealTree │ └── type-is@1.6.12
62 silly idealTree ├── http-errors@1.3.1
62 silly idealTree ├── http-incoming@0.12.0
62 silly idealTree ├── http-outgoing@0.12.0
62 silly idealTree ├── http-signature@1.1.1
62 silly idealTree ├── indexof@0.0.1
62 silly idealTree ├── inherits@2.0.1
62 silly idealTree ├── invert-kv@1.0.0
62 silly idealTree ├── ip@1.0.1
62 silly idealTree ├── ipaddr.js@1.0.5
62 silly idealTree ├── is-browser@2.0.1
62 silly idealTree ├── is-fullwidth-code-point@1.0.0
62 silly idealTree ├── is-my-json-valid@2.13.1
62 silly idealTree ├── is-property@1.0.2
62 silly idealTree ├── is-typedarray@1.0.0
62 silly idealTree ├── is-url@1.2.1
62 silly idealTree ├── isarray@0.0.1
62 silly idealTree ├── isobject@1.0.2
62 silly idealTree ├── isstream@0.1.2
62 silly idealTree ├── jodid25519@1.0.2
62 silly idealTree ├── jsbn@0.1.0
62 silly idealTree ├── json-schema@0.2.2
62 silly idealTree ├── json-stringify-safe@5.0.1
62 silly idealTree ├── json3@3.2.6
62 silly idealTree ├── jsonpointer@2.0.0
62 silly idealTree ├── jsprim@1.2.2
62 silly idealTree ├── jstream@0.2.9
62 silly idealTree ├── koa-is-json@1.0.0
62 silly idealTree ├── lcid@1.0.0
62 silly idealTree ├── lodash@4.6.1
62 silly idealTree ├── lru-cache@4.0.0
62 silly idealTree ├── media-typer@0.3.0
62 silly idealTree ├── memwatch@0.2.2
62 silly idealTree ├── merge-descriptors@1.0.1
62 silly idealTree ├─┬ method-override@1.0.2
62 silly idealTree │ └── methods@1.0.0
62 silly idealTree ├── methods@1.1.2
62 silly idealTree ├── mime-db@1.22.0
62 silly idealTree ├── mime-types@2.1.10
62 silly idealTree ├── mime@1.2.11
62 silly idealTree ├── minimist@1.2.0
62 silly idealTree ├── monotonic-timestamp@0.0.8
62 silly idealTree ├─┬ morgan@1.0.1
62 silly idealTree │ └── bytes@0.3.0
62 silly idealTree ├── ms@0.7.1
62 silly idealTree ├── multiparty@4.1.2
62 silly idealTree ├── negotiator@0.5.3
62 silly idealTree ├── node-uuid@1.4.7
62 silly idealTree ├── node-youtube-dash-sidx@0.1.5
62 silly idealTree ├── nth-check@1.0.1
62 silly idealTree ├── number-is-nan@1.0.0
62 silly idealTree ├── oauth-sign@0.8.1
62 silly idealTree ├── oauth@0.9.14
62 silly idealTree ├── object-assign@2.1.1
62 silly idealTree ├── object-component@0.0.3
62 silly idealTree ├── on-finished@2.3.0
62 silly idealTree ├── optimist@0.4.0
62 silly idealTree ├── options@0.0.6
62 silly idealTree ├── os-locale@1.4.0
62 silly idealTree ├── os-tmpdir@1.0.1
62 silly idealTree ├── osc-min@0.0.15
62 silly idealTree ├── osc-receiver@1.1.0
62 silly idealTree ├── parsejson@0.0.1
62 silly idealTree ├── parseqs@0.0.2
62 silly idealTree ├── parseuri@0.0.4
62 silly idealTree ├── parseurl@1.3.1
62 silly idealTree ├── passport-google-oauth@0.1.5
62 silly idealTree ├── passport-local@0.1.6
62 silly idealTree ├── passport-oauth@0.1.15
62 silly idealTree ├── passport-oauth1@1.1.0
62 silly idealTree ├── passport-oauth2@1.2.0
62 silly idealTree ├─┬ passport-spotify@0.3.0
62 silly idealTree │ ├── passport-oauth@1.0.0
62 silly idealTree │ └── pkginfo@0.3.1
62 silly idealTree ├── passport-strategy@1.0.0
62 silly idealTree ├── passport-twitter@1.0.4
62 silly idealTree ├─┬ passport-youtube-v3@1.0.1
62 silly idealTree │ └── passport-oauth@0.1.14
62 silly idealTree ├── passport@0.1.18
62 silly idealTree ├── path-to-regexp@0.1.7
62 silly idealTree ├── pause@0.0.1
62 silly idealTree ├── pend@1.2.0
62 silly idealTree ├── pinkie-promise@2.0.0
62 silly idealTree ├── pinkie@2.0.4
62 silly idealTree ├── pkginfo@0.2.3
62 silly idealTree ├── prettyjson@1.1.3
62 silly idealTree ├── process-nextick-args@1.0.6
62 silly idealTree ├── proxy-addr@1.0.10
62 silly idealTree ├── pseudomap@1.0.2
62 silly idealTree ├── qs@0.6.6
62 silly idealTree ├── querystring@0.2.0
62 silly idealTree ├── range-parser@1.0.3
62 silly idealTree ├── raw-body@1.1.7
62 silly idealTree ├── readable-stream@1.1.13
62 silly idealTree ├── reduce-component@1.0.1
62 silly idealTree ├─┬ request@2.69.0
62 silly idealTree │ └── qs@6.0.2
62 silly idealTree ├── sax@1.1.6
62 silly idealTree ├── selectn@0.9.6
62 silly idealTree ├─┬ send@0.13.1
62 silly idealTree │ └── mime@1.3.4
62 silly idealTree ├── serve-static@1.10.2
62 silly idealTree ├── sliced@0.0.5
62 silly idealTree ├── sntp@1.0.9
62 silly idealTree ├─┬ socket.io-adapter@0.4.0
62 silly idealTree │ └─┬ socket.io-parser@2.2.2
62 silly idealTree │   └── debug@0.7.4
62 silly idealTree ├─┬ socket.io-client@1.4.4
62 silly idealTree │ ├── component-emitter@1.2.0
62 silly idealTree │ ├── json3@3.3.2
62 silly idealTree │ └─┬ socket.io-parser@2.2.5
62 silly idealTree │   └── component-emitter@1.1.2
62 silly idealTree ├─┬ socket.io-parser@2.2.6
62 silly idealTree │ └── json3@3.3.2
62 silly idealTree ├── socket.io@1.4.4
62 silly idealTree ├── sshpk@1.7.4
62 silly idealTree ├── statuses@1.2.1
62 silly idealTree ├── streamsearch@0.1.2
62 silly idealTree ├── string_decoder@0.10.31
62 silly idealTree ├── string-width@1.0.1
62 silly idealTree ├── stringstream@0.0.5
62 silly idealTree ├── strip-ansi@3.0.1
62 silly idealTree ├─┬ superagent@1.8.1
62 silly idealTree │ ├── component-emitter@1.2.0
62 silly idealTree │ ├── mime@1.3.4
62 silly idealTree │ ├── qs@2.3.3
62 silly idealTree │ └── readable-stream@1.0.27-1
62 silly idealTree ├── supports-color@2.0.0
62 silly idealTree ├── tmp@0.0.28
62 silly idealTree ├── to-array@0.1.3
62 silly idealTree ├── tough-cookie@2.2.1
62 silly idealTree ├── tunnel-agent@0.4.2
62 silly idealTree ├── tweetnacl@0.14.1
62 silly idealTree ├── type-is@1.1.0
62 silly idealTree ├── uid2@0.0.3
62 silly idealTree ├── ultron@1.0.2
62 silly idealTree ├── unpipe@1.0.0
62 silly idealTree ├── utf8@2.1.0
62 silly idealTree ├── util-deprecate@1.0.2
62 silly idealTree ├── util@0.10.3
62 silly idealTree ├── utils-merge@1.0.0
62 silly idealTree ├── vary@1.1.0
62 silly idealTree ├── verror@1.3.6
62 silly idealTree ├── window-size@0.1.4
62 silly idealTree ├── wordwrap@0.0.3
62 silly idealTree ├── wrap-ansi@1.0.0
62 silly idealTree ├── wrap-fn@0.1.5
62 silly idealTree ├── ws@1.0.1
62 silly idealTree ├─┬ x-ray-crawler@2.0.2
62 silly idealTree │ ├── cheerio@0.18.0
62 silly idealTree │ ├── dom-serializer@0.0.1
62 silly idealTree │ ├── domelementtype@1.1.3
62 silly idealTree │ └── lodash@2.4.2
62 silly idealTree ├── x-ray-parse@1.0.1
62 silly idealTree ├── x-ray@2.0.3
62 silly idealTree ├── xhr2@0.1.3
62 silly idealTree ├── xml2js@0.4.13
62 silly idealTree ├── xmlbuilder@5.0.1
62 silly idealTree ├── xmldom@0.1.22
62 silly idealTree ├── xmlhttprequest-ssl@1.5.1
62 silly idealTree ├── xtend@4.0.1
62 silly idealTree ├── xtraverse@0.1.0
62 silly idealTree ├── y18n@3.2.0
62 silly idealTree ├── yallist@2.0.0
62 silly idealTree ├── yargs@3.32.0
62 silly idealTree ├── yeast@0.1.2
62 silly idealTree ├── yieldly@0.0.1
62 silly idealTree └── ytdl-core@0.7.12
63 silly generateActionsToTake Starting
64 silly install generateActionsToTake
65 silly generateActionsToTake Finishing
66 silly diffTrees action count 2
67 silly diffTrees update heapdump@0.3.7
68 silly diffTrees add memwatch@0.2.2
69 silly decomposeActions action count 16
70 silly decomposeActions fetch heapdump@0.3.7
71 silly decomposeActions extract heapdump@0.3.7
72 silly decomposeActions test heapdump@0.3.7
73 silly decomposeActions preinstall heapdump@0.3.7
74 silly decomposeActions build heapdump@0.3.7
75 silly decomposeActions install heapdump@0.3.7
76 silly decomposeActions postinstall heapdump@0.3.7
77 silly decomposeActions finalize heapdump@0.3.7
78 silly decomposeActions fetch memwatch@0.2.2
79 silly decomposeActions extract memwatch@0.2.2
80 silly decomposeActions test memwatch@0.2.2
81 silly decomposeActions preinstall memwatch@0.2.2
82 silly decomposeActions build memwatch@0.2.2
83 silly decomposeActions install memwatch@0.2.2
84 silly decomposeActions postinstall memwatch@0.2.2
85 silly decomposeActions finalize memwatch@0.2.2
86 silly executeActions Starting
87 silly install executeActions
88 silly doSerial global-install 0
89 silly doParallel fetch 2
90 verbose correctMkdir /Users/Sam/.npm/_locks correctMkdir not in flight; initializing
91 verbose lock using /Users/Sam/.npm/_locks/staging-0436767cba2aa1a6.lock for /Volumes/Fatboy/Work/vj-pi/server/node_modules/.staging
92 silly doParallel extract 2
93 silly extract heapdump@0.3.7
94 silly extract memwatch@0.2.2
95 verbose unbuild node_modules/.staging/heapdump-0d53357e
96 verbose unbuild node_modules/.staging/memwatch-d242d97f
97 silly gentlyRm /Volumes/Fatboy/Work/vj-pi/server/node_modules/.staging/heapdump-0d53357e is being purged from base /Volumes/Fatboy/Work/vj-pi/server
98 verbose gentlyRm don't care about contents; nuking /Volumes/Fatboy/Work/vj-pi/server/node_modules/.staging/heapdump-0d53357e
99 verbose tar unpack /Users/Sam/.npm/heapdump/0.3.7/package.tgz
100 verbose tar unpacking to /Volumes/Fatboy/Work/vj-pi/server/node_modules/.staging/heapdump-0d53357e
101 silly gentlyRm /Volumes/Fatboy/Work/vj-pi/server/node_modules/.staging/heapdump-0d53357e is being purged
102 verbose gentlyRm don't care about contents; nuking /Volumes/Fatboy/Work/vj-pi/server/node_modules/.staging/heapdump-0d53357e
103 silly gentlyRm /Volumes/Fatboy/Work/vj-pi/server/node_modules/.staging/memwatch-d242d97f is being purged from base /Volumes/Fatboy/Work/vj-pi/server
104 verbose gentlyRm don't care about contents; nuking /Volumes/Fatboy/Work/vj-pi/server/node_modules/.staging/memwatch-d242d97f
105 silly gunzTarPerm modes [ '755', '644' ]
106 verbose tar unpack /Users/Sam/.npm/memwatch/0.2.2/package.tgz
107 verbose tar unpacking to /Volumes/Fatboy/Work/vj-pi/server/node_modules/.staging/memwatch-d242d97f
108 silly gentlyRm /Volumes/Fatboy/Work/vj-pi/server/node_modules/.staging/memwatch-d242d97f is being purged
109 verbose gentlyRm don't care about contents; nuking /Volumes/Fatboy/Work/vj-pi/server/node_modules/.staging/memwatch-d242d97f
110 silly gunzTarPerm modes [ '755', '644' ]
111 silly gunzTarPerm extractEntry package.json
112 silly gunzTarPerm modified mode [ 'package.json', 436, 420 ]
113 silly gunzTarPerm extractEntry package.json
114 silly gunzTarPerm extractEntry .npmignore
115 silly gunzTarPerm modified mode [ '.npmignore', 436, 420 ]
116 silly gunzTarPerm extractEntry README.md
117 silly gunzTarPerm modified mode [ 'README.md', 436, 420 ]
118 silly gunzTarPerm extractEntry .npmignore
119 silly gunzTarPerm extractEntry README.md
120 silly gunzTarPerm extractEntry LICENSE
121 silly gunzTarPerm modified mode [ 'LICENSE', 436, 420 ]
122 silly gunzTarPerm extractEntry .clang-format
123 silly gunzTarPerm modified mode [ '.clang-format', 436, 420 ]
124 silly gunzTarPerm extractEntry tests.js
125 silly gunzTarPerm extractEntry foo.js
126 silly gunzTarPerm extractEntry binding.gyp
127 silly gunzTarPerm modified mode [ 'binding.gyp', 436, 420 ]
128 silly gunzTarPerm extractEntry lib/main.js
129 silly gunzTarPerm modified mode [ 'lib/main.js', 436, 420 ]
130 silly gunzTarPerm extractEntry include.js
131 silly gunzTarPerm extractEntry .travis.yml
132 silly gunzTarPerm extractEntry src/compat-inl.h
133 silly gunzTarPerm modified mode [ 'src/compat-inl.h', 436, 420 ]
134 silly gunzTarPerm extractEntry src/compat.h
135 silly gunzTarPerm modified mode [ 'src/compat.h', 436, 420 ]
136 silly gunzTarPerm extractEntry src/heapdump-posix.h
137 silly gunzTarPerm modified mode [ 'src/heapdump-posix.h', 436, 420 ]
138 silly gunzTarPerm extractEntry src/heapdump-win32.h
139 silly gunzTarPerm modified mode [ 'src/heapdump-win32.h', 436, 420 ]
140 silly gunzTarPerm extractEntry src/heapdump.cc
141 silly gunzTarPerm modified mode [ 'src/heapdump.cc', 436, 420 ]
142 silly gunzTarPerm extractEntry test/test-callback-without-filename.js
143 silly gunzTarPerm modified mode [ 'test/test-callback-without-filename.js', 436, 420 ]
144 silly gunzTarPerm extractEntry test/test-callback.js
145 silly gunzTarPerm modified mode [ 'test/test-callback.js', 436, 420 ]
146 silly gunzTarPerm extractEntry test/test-sigusr2.js
147 silly gunzTarPerm modified mode [ 'test/test-sigusr2.js', 436, 420 ]
148 silly gunzTarPerm extractEntry ChangeLog
149 silly gunzTarPerm extractEntry #wscript#
150 silly gunzTarPerm extractEntry binding.gyp
151 silly gunzTarPerm extractEntry src/heapdiff.cc
152 silly gunzTarPerm extractEntry src/heapdiff.hh
153 silly gunzTarPerm extractEntry src/init.cc
154 silly gunzTarPerm extractEntry src/memwatch.cc
155 silly gunzTarPerm extractEntry src/memwatch.hh
156 silly gunzTarPerm extractEntry src/platformcompat.hh
157 silly gunzTarPerm extractEntry src/util.cc
158 silly gunzTarPerm extractEntry src/util.hh
159 silly gunzTarPerm extractEntry examples/basic_heapdiff.js
160 silly gunzTarPerm extractEntry examples/do_nothing_server.js
161 silly gunzTarPerm extractEntry examples/slightly_leaky.js
162 silly gentlyRm /Volumes/Fatboy/Work/vj-pi/server/node_modules/.staging/heapdump-0d53357e/node_modules is being purged
163 verbose gentlyRm don't care about contents; nuking /Volumes/Fatboy/Work/vj-pi/server/node_modules/.staging/heapdump-0d53357e/node_modules
164 silly gentlyRm /Volumes/Fatboy/Work/vj-pi/server/node_modules/.staging/memwatch-d242d97f/node_modules is being purged
165 verbose gentlyRm don't care about contents; nuking /Volumes/Fatboy/Work/vj-pi/server/node_modules/.staging/memwatch-d242d97f/node_modules
166 silly doParallel preinstall 2
167 silly preinstall heapdump@0.3.7 /Volumes/Fatboy/Work/vj-pi/server/node_modules/.staging/heapdump-0d53357e
168 info lifecycle heapdump@0.3.7~preinstall: heapdump@0.3.7
169 silly preinstall memwatch@0.2.2 /Volumes/Fatboy/Work/vj-pi/server/node_modules/.staging/memwatch-d242d97f
170 info lifecycle memwatch@0.2.2~preinstall: memwatch@0.2.2
171 silly lifecycle heapdump@0.3.7~preinstall: no script for preinstall, continuing
172 silly lifecycle memwatch@0.2.2~preinstall: no script for preinstall, continuing
173 silly doReverseSerial remove 0
174 silly doSerial move 0
175 silly doSerial finalize 2
176 silly finalize /Volumes/Fatboy/Work/vj-pi/server/node_modules/heapdump
177 silly finalize /Volumes/Fatboy/Work/vj-pi/server/node_modules/memwatch
178 silly doSerial build 2
179 silly build heapdump@0.3.7
180 info linkStuff heapdump@0.3.7
181 silly linkStuff heapdump@0.3.7 has /Volumes/Fatboy/Work/vj-pi/server/node_modules as its parent node_modules
182 verbose linkBins heapdump@0.3.7
183 verbose linkMans heapdump@0.3.7
184 silly build memwatch@0.2.2
185 info linkStuff memwatch@0.2.2
186 silly linkStuff memwatch@0.2.2 has /Volumes/Fatboy/Work/vj-pi/server/node_modules as its parent node_modules
187 verbose linkBins memwatch@0.2.2
188 verbose linkMans memwatch@0.2.2
189 silly doSerial global-link 0
190 silly doParallel update-linked 0
191 silly doSerial install 2
192 silly install heapdump@0.3.7 /Volumes/Fatboy/Work/vj-pi/server/node_modules/.staging/heapdump-0d53357e
193 info lifecycle heapdump@0.3.7~install: heapdump@0.3.7
194 verbose lifecycle heapdump@0.3.7~install: unsafe-perm in lifecycle true
195 verbose lifecycle heapdump@0.3.7~install: PATH: /Users/Sam/.node/lib/node_modules/npm/bin/node-gyp-bin:/Volumes/Fatboy/Work/vj-pi/server/node_modules/heapdump/node_modules/.bin:/Volumes/Fatboy/Work/vj-pi/server/node_modules/.bin:/Users/Sam/google-cloud-sdk/bin:/Users/Sam/.node/bin:/usr/local/bin:/usr/local/sbin:/usr/local/bin:/Users/Sam/.rvm/bin:/usr/bin:/bin:/usr/sbin:/sbin:/usr/local/bin
196 verbose lifecycle heapdump@0.3.7~install: CWD: /Volumes/Fatboy/Work/vj-pi/server/node_modules/heapdump
197 silly lifecycle heapdump@0.3.7~install: Args: [ '-c', 'node-gyp rebuild' ]
198 silly lifecycle heapdump@0.3.7~install: Returned: code: 0  signal: null
199 silly install memwatch@0.2.2 /Volumes/Fatboy/Work/vj-pi/server/node_modules/.staging/memwatch-d242d97f
200 info lifecycle memwatch@0.2.2~install: memwatch@0.2.2
201 verbose lifecycle memwatch@0.2.2~install: unsafe-perm in lifecycle true
202 verbose lifecycle memwatch@0.2.2~install: PATH: /Users/Sam/.node/lib/node_modules/npm/bin/node-gyp-bin:/Volumes/Fatboy/Work/vj-pi/server/node_modules/memwatch/node_modules/.bin:/Volumes/Fatboy/Work/vj-pi/server/node_modules/.bin:/Users/Sam/google-cloud-sdk/bin:/Users/Sam/.node/bin:/usr/local/bin:/usr/local/sbin:/usr/local/bin:/Users/Sam/.rvm/bin:/usr/bin:/bin:/usr/sbin:/sbin:/usr/local/bin
203 verbose lifecycle memwatch@0.2.2~install: CWD: /Volumes/Fatboy/Work/vj-pi/server/node_modules/memwatch
204 silly lifecycle memwatch@0.2.2~install: Args: [ '-c', 'node-gyp rebuild' ]
205 silly lifecycle memwatch@0.2.2~install: Returned: code: 1  signal: null
206 info lifecycle memwatch@0.2.2~install: Failed to exec install script
207 verbose unlock done using /Users/Sam/.npm/_locks/staging-0436767cba2aa1a6.lock for /Volumes/Fatboy/Work/vj-pi/server/node_modules/.staging
208 silly rollbackFailedOptional Starting
209 silly rollbackFailedOptional Finishing
210 silly runTopLevelLifecycles Starting
211 silly runTopLevelLifecycles Finishing
212 silly install printInstalled
213 verbose stack Error: memwatch@0.2.2 install: `node-gyp rebuild`
213 verbose stack Exit status 1
213 verbose stack     at EventEmitter.<anonymous> (/Users/Sam/.node/lib/node_modules/npm/lib/utils/lifecycle.js:232:16)
213 verbose stack     at emitTwo (events.js:106:13)
213 verbose stack     at EventEmitter.emit (events.js:191:7)
213 verbose stack     at ChildProcess.<anonymous> (/Users/Sam/.node/lib/node_modules/npm/lib/utils/spawn.js:24:14)
213 verbose stack     at emitTwo (events.js:106:13)
213 verbose stack     at ChildProcess.emit (events.js:191:7)
213 verbose stack     at maybeClose (internal/child_process.js:850:16)
213 verbose stack     at Process.ChildProcess._handle.onexit (internal/child_process.js:215:5)
214 verbose pkgid memwatch@0.2.2
215 verbose cwd /Volumes/Fatboy/Work/vj-pi/server
216 error Darwin 13.4.0
217 error argv "/usr/local/Cellar/node/6.1.0/bin/node" "/Users/Sam/.node/bin/npm" "install" "--save" "memwatch"
218 error node v6.1.0
219 error npm  v3.6.0
220 error code ELIFECYCLE
221 error memwatch@0.2.2 install: `node-gyp rebuild`
221 error Exit status 1
222 error Failed at the memwatch@0.2.2 install script 'node-gyp rebuild'.
222 error Make sure you have the latest version of node.js and npm installed.
222 error If you do, this is most likely a problem with the memwatch package,
222 error not with npm itself.
222 error Tell the author that this fails on your system:
222 error     node-gyp rebuild
222 error You can get information on how to open an issue for this project with:
222 error     npm bugs memwatch
222 error Or if that isn't available, you can get their info via:
222 error     npm owner ls memwatch
222 error There is likely additional logging output above.
223 verbose exit [ 1, true ]
